<?xml version="1.0" encoding="UTF-8"?>
<testng-results skipped="0" failed="0" total="2" passed="2">
  <reporter-output>
  </reporter-output>
  <suite name="Default suite" duration-ms="29432" started-at="2017-11-01T22:07:34Z" finished-at="2017-11-01T22:08:04Z">
    <groups>
    </groups>
    <test name="Default test" duration-ms="29432" started-at="2017-11-01T22:07:34Z" finished-at="2017-11-01T22:08:04Z">
      <class name="TestNg.Test1">
        <test-method status="PASS" signature="beforeSuite()[pri:0, instance:TestNg.Test1@13a5fe33]" name="beforeSuite" is-config="true" duration-ms="328" started-at="2017-11-01T17:07:34Z" finished-at="2017-11-01T17:07:34Z">
          <reporter-output>
          </reporter-output>
        </test-method> <!-- beforeSuite -->
        <test-method status="PASS" signature="beforeTest()[pri:0, instance:TestNg.Test1@13a5fe33]" name="beforeTest" is-config="true" duration-ms="1" started-at="2017-11-01T17:07:34Z" finished-at="2017-11-01T17:07:34Z">
          <reporter-output>
          </reporter-output>
        </test-method> <!-- beforeTest -->
        <test-method status="PASS" signature="beforeClass()[pri:0, instance:TestNg.Test1@13a5fe33]" name="beforeClass" is-config="true" duration-ms="0" started-at="2017-11-01T17:07:34Z" finished-at="2017-11-01T17:07:34Z">
          <reporter-output>
          </reporter-output>
        </test-method> <!-- beforeClass -->
        <test-method status="PASS" signature="beforeMethod(java.lang.reflect.Method)[pri:0, instance:TestNg.Test1@13a5fe33]" name="beforeMethod" is-config="true" duration-ms="3" started-at="2017-11-01T17:07:34Z" finished-at="2017-11-01T17:07:34Z">
          <params>
            <param index="0">
              <value>
                <![CDATA[public void TestNg.Test1.GoogleTest1() throws java.lang.Exception]]>
              </value>
            </param>
          </params>
          <reporter-output>
          </reporter-output>
        </test-method> <!-- beforeMethod -->
        <test-method status="PASS" signature="GoogleTest1()[pri:0, instance:TestNg.Test1@13a5fe33]" name="GoogleTest1" duration-ms="14691" started-at="2017-11-01T17:07:34Z" finished-at="2017-11-01T17:07:49Z">
          <reporter-output>
          </reporter-output>
        </test-method> <!-- GoogleTest1 -->
        <test-method status="PASS" signature="afterMethod(java.lang.reflect.Method)[pri:0, instance:TestNg.Test1@13a5fe33]" name="afterMethod" is-config="true" duration-ms="1909" started-at="2017-11-01T17:07:49Z" finished-at="2017-11-01T17:07:51Z">
          <params>
            <param index="0">
              <value>
                <![CDATA[public void TestNg.Test1.GoogleTest1() throws java.lang.Exception]]>
              </value>
            </param>
          </params>
          <reporter-output>
          </reporter-output>
        </test-method> <!-- afterMethod -->
        <test-method status="PASS" signature="beforeMethod(java.lang.reflect.Method)[pri:0, instance:TestNg.Test1@13a5fe33]" name="beforeMethod" is-config="true" duration-ms="1" started-at="2017-11-01T17:07:51Z" finished-at="2017-11-01T17:07:51Z">
          <params>
            <param index="0">
              <value>
                <![CDATA[public void TestNg.Test1.GoogleTest2() throws java.lang.Exception]]>
              </value>
            </param>
          </params>
          <reporter-output>
          </reporter-output>
        </test-method> <!-- beforeMethod -->
        <test-method status="PASS" signature="GoogleTest2()[pri:0, instance:TestNg.Test1@13a5fe33]" name="GoogleTest2" duration-ms="11859" started-at="2017-11-01T17:07:51Z" finished-at="2017-11-01T17:08:03Z">
          <reporter-output>
          </reporter-output>
        </test-method> <!-- GoogleTest2 -->
        <test-method status="PASS" signature="afterMethod(java.lang.reflect.Method)[pri:0, instance:TestNg.Test1@13a5fe33]" name="afterMethod" is-config="true" duration-ms="950" started-at="2017-11-01T17:08:03Z" finished-at="2017-11-01T17:08:04Z">
          <params>
            <param index="0">
              <value>
                <![CDATA[public void TestNg.Test1.GoogleTest2() throws java.lang.Exception]]>
              </value>
            </param>
          </params>
          <reporter-output>
          </reporter-output>
        </test-method> <!-- afterMethod -->
        <test-method status="PASS" signature="afterClass()[pri:0, instance:TestNg.Test1@13a5fe33]" name="afterClass" is-config="true" duration-ms="1" started-at="2017-11-01T17:08:04Z" finished-at="2017-11-01T17:08:04Z">
          <reporter-output>
          </reporter-output>
        </test-method> <!-- afterClass -->
        <test-method status="PASS" signature="afterTest()[pri:0, instance:TestNg.Test1@13a5fe33]" name="afterTest" is-config="true" duration-ms="1" started-at="2017-11-01T17:08:04Z" finished-at="2017-11-01T17:08:04Z">
          <reporter-output>
          </reporter-output>
        </test-method> <!-- afterTest -->
        <test-method status="PASS" signature="afterSuite(org.testng.ITestContext)[pri:0, instance:TestNg.Test1@13a5fe33]" name="afterSuite" is-config="true" duration-ms="0" started-at="2017-11-01T17:08:04Z" finished-at="2017-11-01T17:08:04Z">
          <params>
            <param index="0">
              <value>
                <![CDATA[org.testng.TestRunner@7048f722]]>
              </value>
            </param>
          </params>
          <reporter-output>
          </reporter-output>
        </test-method> <!-- afterSuite -->
      </class> <!-- TestNg.Test1 -->
    </test> <!-- Default test -->
  </suite> <!-- Default suite -->
</testng-results>
